SourceCode/GuitarInstructor/proguard/seeds.txt
com.actionbarsherlock.internal.widget.ScrollingTabContainerView$TabView
com.actionbarsherlock.internal.widget.ScrollingTabContainerView$TabView: ScrollingTabContainerView$TabView(android.content.Context,android.util.AttributeSet)
com.actionbarsherlock.internal.widget.ScrollingTabContainerView$TabView: com.actionbarsherlock.app.ActionBar$Tab getTab()
com.actionbarsherlock.widget.SearchView: void setSearchableInfo(android.app.SearchableInfo)
com.actionbarsherlock.widget.SearchView: void setAppSearchData(android.os.Bundle)
com.actionbarsherlock.widget.SearchView: void setImeOptions(int)
com.actionbarsherlock.widget.SearchView: int getImeOptions()
com.actionbarsherlock.widget.SearchView: void setInputType(int)
com.actionbarsherlock.widget.SearchView: int getInputType()
com.actionbarsherlock.widget.SearchView: void setOnQueryTextListener(com.actionbarsherlock.widget.SearchView$OnQueryTextListener)
com.actionbarsherlock.widget.SearchView: void setOnCloseListener(com.actionbarsherlock.widget.SearchView$OnCloseListener)
com.actionbarsherlock.widget.SearchView: void setOnQueryTextFocusChangeListener(android.view.View$OnFocusChangeListener)
com.actionbarsherlock.widget.SearchView: void setOnSuggestionListener(com.actionbarsherlock.widget.SearchView$OnSuggestionListener)
com.actionbarsherlock.widget.SearchView: void setOnSearchClickListener(android.view.View$OnClickListener)
com.actionbarsherlock.widget.SearchView: java.lang.CharSequence getQuery()
com.actionbarsherlock.widget.SearchView: void setQueryHint(java.lang.CharSequence)
com.actionbarsherlock.widget.SearchView: java.lang.CharSequence getQueryHint()
com.actionbarsherlock.widget.SearchView: void setIconifiedByDefault(boolean)
com.actionbarsherlock.widget.SearchView: void setIconified(boolean)
com.actionbarsherlock.widget.SearchView: void setSubmitButtonEnabled(boolean)
com.actionbarsherlock.widget.SearchView$SearchAutoComplete
com.actionbarsherlock.widget.SearchView$SearchAutoComplete: SearchView$SearchAutoComplete(android.content.Context)
com.actionbarsherlock.widget.SearchView$SearchAutoComplete: SearchView$SearchAutoComplete(android.content.Context,android.util.AttributeSet)
com.actionbarsherlock.widget.SearchView$SearchAutoComplete: SearchView$SearchAutoComplete(android.content.Context,android.util.AttributeSet,int)
com.actionbarsherlock.widget.SearchView$SearchAutoComplete: void setSearchView(com.actionbarsherlock.widget.SearchView)
com.actionbarsherlock.widget.SearchView$SearchAutoComplete: void setThreshold(int)
com.guitar.instructor.MusicContainerActivity
com.guitar.instructor.MusicContainerActivity: MusicContainerActivity()
com.guitar.instructor.MusicContainerActivity: void goHome(android.view.View)
com.guitar.instructor.MusicContainerActivity: void playTheSong(android.view.View)
com.guitar.instructor.R$array: int instructor_arrays
com.guitar.instructor.R$array: int level_array_labels
com.guitar.instructor.R$array: int level_array_values
com.guitar.instructor.R$array: int melody_array_labels
com.guitar.instructor.R$array: int melody_array_values
com.guitar.instructor.R$array: int rhythm_array_labels
com.guitar.instructor.R$array: int rhythm_array_values
com.guitar.instructor.R$array: int tab_labels_arrays