SourceCode/GuitarInstructor/proguard/mapping.txt
com.actionbarsherlock.internal.widget.IcsProgressBar$SavedState$1 -> com.actionbarsherlock.internal.widget.ac:
    com.actionbarsherlock.internal.widget.IcsProgressBar$SavedState createFromParcel(android.os.Parcel) -> a
    com.actionbarsherlock.internal.widget.IcsProgressBar$SavedState[] newArray(int) -> a
    java.lang.Object createFromParcel(android.os.Parcel) -> createFromParcel
    java.lang.Object[] newArray(int) -> newArray
com.actionbarsherlock.internal.widget.IcsSpinner -> com.actionbarsherlock.internal.widget.ad:
    com.actionbarsherlock.internal.widget.IcsSpinner$SpinnerPopup mPopup -> G
    com.actionbarsherlock.internal.widget.IcsSpinner$DropDownAdapter mTempAdapter -> H
    int mDropDownWidth -> F
    int mGravity -> I
    boolean mDisableChildrenWhenDisabled -> J
    android.graphics.Rect mTempRect -> K
    void setEnabled(boolean) -> setEnabled
    void setGravity(int) -> setGravity
    void setAdapter(android.widget.SpinnerAdapter) -> setAdapter
    int getBaseline() -> getBaseline
    void onDetachedFromWindow() -> onDetachedFromWindow
    void setOnItemClickListener(android.widget.AdapterView$OnItemClickListener) -> setOnItemClickListener
    void onMeasure(int,int) -> onMeasure
    void onLayout(boolean,int,int,int,int) -> onLayout
    void layout(int,boolean) -> b
    android.view.View makeAndAddView(int) -> b
    void setUpChild(android.view.View) -> setUpChild
    boolean performClick() -> performClick
    void onClick(android.content.DialogInterface,int) -> onClick
    void setPrompt(java.lang.CharSequence) -> setPrompt
    void setPromptId(int) -> setPromptId
    java.lang.CharSequence getPrompt() -> getPrompt
    int measureContentWidth(android.widget.SpinnerAdapter,android.graphics.drawable.Drawable) -> a
    android.graphics.Rect access$0(com.actionbarsherlock.internal.widget.IcsSpinner) -> a
com.actionbarsherlock.internal.widget.IcsSpinner$DropDownAdapter -> com.actionbarsherlock.internal.widget.ae:
    android.widget.SpinnerAdapter mAdapter -> a
    android.widget.ListAdapter mListAdapter -> b
    int getCount() -> getCount
    java.lang.Object getItem(int) -> getItem
    long getItemId(int) -> getItemId
    android.view.View getView(int,android.view.View,android.view.ViewGroup) -> getView
    android.view.View getDropDownView(int,android.view.View,android.view.ViewGroup) -> getDropDownView
    boolean hasStableIds() -> hasStableIds
    void registerDataSetObserver(android.database.DataSetObserver) -> registerDataSetObserver
    void unregisterDataSetObserver(android.database.DataSetObserver) -> unregisterDataSetObserver
    boolean areAllItemsEnabled() -> areAllItemsEnabled
    boolean isEnabled(int) -> isEnabled
    int getItemViewType(int) -> getItemViewType
    int getViewTypeCount() -> getViewTypeCount
    boolean isEmpty() -> isEmpty
com.actionbarsherlock.internal.widget.IcsSpinner$DropdownPopup -> com.actionbarsherlock.internal.widget.af:
    java.lang.CharSequence mHintText -> b
    android.widget.ListAdapter mAdapter -> c
    com.actionbarsherlock.internal.widget.IcsSpinner this$0 -> a
    void setAdapter(android.widget.ListAdapter) -> a
    java.lang.CharSequence getHintText() -> f
    void setPromptText(java.lang.CharSequence) -> a
    void show() -> a
    com.actionbarsherlock.internal.widget.IcsSpinner access$0(com.actionbarsherlock.internal.widget.IcsSpinner$DropdownPopup) -> a
com.actionbarsherlock.internal.widget.IcsSpinner$DropdownPopup$1 -> com.actionbarsherlock.internal.widget.ag:
    com.actionbarsherlock.internal.widget.IcsSpinner$DropdownPopup this$1 -> a
    void onItemClick(android.widget.AdapterView,android.view.View,int,long) -> onItemClick
com.actionbarsherlock.internal.widget.IcsSpinner$SpinnerPopup -> com.actionbarsherlock.internal.widget.ah:
    void setAdapter(android.widget.ListAdapter) -> a
    void show() -> a
    void dismiss() -> b
    boolean isShowing() -> d
    void setPromptText(java.lang.CharSequence) -> a
    java.lang.CharSequence getHintText() -> f